Play,No,4.0|CLASS
Play,Yes,5.0|CLASS
Rand,Play,No	;6.85|4.247646407129483|NUMERIC
Rand,Play,Yes	;6.4799999999999995|3.256009827994996|NUMERIC
Humidity,High,Play,No,3.0|DISCRETE
Humidity,High,Play,Yes,2.0|DISCRETE
Humidity,Normal,Play,No,1.0|DISCRETE
Humidity,Normal,Play,Yes,3.0|DISCRETE
Outlook,Overcast,Play,Yes,2.0|DISCRETE
Outlook,Rainy,Play,No,3.0|DISCRETE
Outlook,Rainy,Play,Yes,1.0|DISCRETE
Outlook,Sunny,Play,No,1.0|DISCRETE
Outlook,Sunny,Play,Yes,2.0|DISCRETE
Temperature,Cool,Play,No,1.0|DISCRETE
Temperature,Cool,Play,Yes,3.0|DISCRETE
Temperature,Hot,Play,No,2.0|DISCRETE
Temperature,Hot,Play,Yes,1.0|DISCRETE
Temperature,Mild,Play,No,1.0|DISCRETE
Temperature,Mild,Play,Yes,1.0|DISCRETE
Windy,FALSE,Play,No,2.0|DISCRETE
Windy,FALSE,Play,Yes,4.0|DISCRETE
Windy,TRUE,Play,No,2.0|DISCRETE
Windy,TRUE,Play,Yes,1.0|DISCRETE